[0.461s] Invoking command in '/home/arigatougozaimaster/Downloads/ros2_ws/src/your_package': PYTHONPATH=/home/arigatougozaimaster/Downloads/ros2_ws/build/your_package/prefix_override:/home/arigatougozaimaster/Downloads/ros2_ws/install/your_package/lib/python3.8/site-packages:${PYTHONPATH} /usr/bin/python3 setup.py egg_info --egg-base ../../build/your_package build --build-base /home/arigatougozaimaster/Downloads/ros2_ws/build/your_package/build install --record /home/arigatougozaimaster/Downloads/ros2_ws/build/your_package/install.log --single-version-externally-managed
[0.596s] running egg_info
[0.596s] creating ../../build/your_package/your_package.egg-info
[0.596s] writing ../../build/your_package/your_package.egg-info/PKG-INFO
[0.596s] writing dependency_links to ../../build/your_package/your_package.egg-info/dependency_links.txt
[0.597s] writing entry points to ../../build/your_package/your_package.egg-info/entry_points.txt
[0.597s] writing requirements to ../../build/your_package/your_package.egg-info/requires.txt
[0.597s] writing top-level names to ../../build/your_package/your_package.egg-info/top_level.txt
[0.602s] writing manifest file '../../build/your_package/your_package.egg-info/SOURCES.txt'
[0.625s] reading manifest file '../../build/your_package/your_package.egg-info/SOURCES.txt'
[0.625s] writing manifest file '../../build/your_package/your_package.egg-info/SOURCES.txt'
[0.625s] running build
[0.625s] running build_py
[0.625s] creating /home/arigatougozaimaster/Downloads/ros2_ws/build/your_package/build
[0.625s] creating /home/arigatougozaimaster/Downloads/ros2_ws/build/your_package/build/lib
[0.626s] creating /home/arigatougozaimaster/Downloads/ros2_ws/build/your_package/build/lib/your_package
[0.626s] copying your_package/__init__.py -> /home/arigatougozaimaster/Downloads/ros2_ws/build/your_package/build/lib/your_package
[0.626s] running install
[0.626s] running install_lib
[0.627s] creating /home/arigatougozaimaster/Downloads/ros2_ws/install/your_package/lib/python3.8/site-packages/your_package
[0.627s] copying /home/arigatougozaimaster/Downloads/ros2_ws/build/your_package/build/lib/your_package/__init__.py -> /home/arigatougozaimaster/Downloads/ros2_ws/install/your_package/lib/python3.8/site-packages/your_package
[0.627s] byte-compiling /home/arigatougozaimaster/Downloads/ros2_ws/install/your_package/lib/python3.8/site-packages/your_package/__init__.py to __init__.cpython-38.pyc
[0.628s] running install_data
[0.628s] creating /home/arigatougozaimaster/Downloads/ros2_ws/install/your_package/share/ament_index
[0.628s] creating /home/arigatougozaimaster/Downloads/ros2_ws/install/your_package/share/ament_index/resource_index
[0.628s] creating /home/arigatougozaimaster/Downloads/ros2_ws/install/your_package/share/ament_index/resource_index/packages
[0.628s] copying resource/your_package -> /home/arigatougozaimaster/Downloads/ros2_ws/install/your_package/share/ament_index/resource_index/packages
[0.628s] copying package.xml -> /home/arigatougozaimaster/Downloads/ros2_ws/install/your_package/share/your_package
[0.628s] running install_egg_info
[0.629s] Copying ../../build/your_package/your_package.egg-info to /home/arigatougozaimaster/Downloads/ros2_ws/install/your_package/lib/python3.8/site-packages/your_package-0.0.0-py3.8.egg-info
[0.630s] running install_scripts
[0.643s] Installing save_pcd script to /home/arigatougozaimaster/Downloads/ros2_ws/install/your_package/lib/your_package
[0.643s] writing list of installed files to '/home/arigatougozaimaster/Downloads/ros2_ws/build/your_package/install.log'
[0.659s] Invoked command in '/home/arigatougozaimaster/Downloads/ros2_ws/src/your_package' returned '0': PYTHONPATH=/home/arigatougozaimaster/Downloads/ros2_ws/build/your_package/prefix_override:/home/arigatougozaimaster/Downloads/ros2_ws/install/your_package/lib/python3.8/site-packages:${PYTHONPATH} /usr/bin/python3 setup.py egg_info --egg-base ../../build/your_package build --build-base /home/arigatougozaimaster/Downloads/ros2_ws/build/your_package/build install --record /home/arigatougozaimaster/Downloads/ros2_ws/build/your_package/install.log --single-version-externally-managed
