[0.430s] Invoking command in '/home/arigatougozaimaster/Downloads/ros2_ws/src/your_package': PYTHONPATH=/home/arigatougozaimaster/Downloads/ros2_ws/build/your_package/prefix_override:/home/arigatougozaimaster/Downloads/ros2_ws/install/your_package/lib/python3.8/site-packages:${PYTHONPATH} /usr/bin/python3 setup.py egg_info --egg-base ../../build/your_package build --build-base /home/arigatougozaimaster/Downloads/ros2_ws/build/your_package/build install --record /home/arigatougozaimaster/Downloads/ros2_ws/build/your_package/install.log --single-version-externally-managed
[0.573s] running egg_info
[0.573s] writing ../../build/your_package/your_package.egg-info/PKG-INFO
[0.573s] writing dependency_links to ../../build/your_package/your_package.egg-info/dependency_links.txt
[0.574s] writing entry points to ../../build/your_package/your_package.egg-info/entry_points.txt
[0.574s] writing requirements to ../../build/your_package/your_package.egg-info/requires.txt
[0.574s] writing top-level names to ../../build/your_package/your_package.egg-info/top_level.txt
[0.598s] reading manifest file '../../build/your_package/your_package.egg-info/SOURCES.txt'
[0.599s] writing manifest file '../../build/your_package/your_package.egg-info/SOURCES.txt'
[0.599s] running build
[0.599s] running build_py
[0.599s] running install
[0.599s] running install_lib
[0.600s] running install_data
[0.601s] running install_egg_info
[0.602s] removing '/home/arigatougozaimaster/Downloads/ros2_ws/install/your_package/lib/python3.8/site-packages/your_package-0.0.0-py3.8.egg-info' (and everything under it)
[0.602s] Copying ../../build/your_package/your_package.egg-info to /home/arigatougozaimaster/Downloads/ros2_ws/install/your_package/lib/python3.8/site-packages/your_package-0.0.0-py3.8.egg-info
[0.602s] running install_scripts
[0.614s] Installing save_pcd script to /home/arigatougozaimaster/Downloads/ros2_ws/install/your_package/lib/your_package
[0.614s] writing list of installed files to '/home/arigatougozaimaster/Downloads/ros2_ws/build/your_package/install.log'
[0.633s] Invoked command in '/home/arigatougozaimaster/Downloads/ros2_ws/src/your_package' returned '0': PYTHONPATH=/home/arigatougozaimaster/Downloads/ros2_ws/build/your_package/prefix_override:/home/arigatougozaimaster/Downloads/ros2_ws/install/your_package/lib/python3.8/site-packages:${PYTHONPATH} /usr/bin/python3 setup.py egg_info --egg-base ../../build/your_package build --build-base /home/arigatougozaimaster/Downloads/ros2_ws/build/your_package/build install --record /home/arigatougozaimaster/Downloads/ros2_ws/build/your_package/install.log --single-version-externally-managed
