running egg_info
writing ../../build/your_package/pointcloud_saver.egg-info/PKG-INFO
writing dependency_links to ../../build/your_package/pointcloud_saver.egg-info/dependency_links.txt
writing entry points to ../../build/your_package/pointcloud_saver.egg-info/entry_points.txt
writing requirements to ../../build/your_package/pointcloud_saver.egg-info/requires.txt
writing top-level names to ../../build/your_package/pointcloud_saver.egg-info/top_level.txt
reading manifest file '../../build/your_package/pointcloud_saver.egg-info/SOURCES.txt'
writing manifest file '../../build/your_package/pointcloud_saver.egg-info/SOURCES.txt'
running build
running build_py
creating /home/arigatougozaimaster/Downloads/ros2_ws/build/your_package/build/lib/pointcloud_saver
copying pointcloud_saver/__init__.py -> /home/arigatougozaimaster/Downloads/ros2_ws/build/your_package/build/lib/pointcloud_saver
copying pointcloud_saver/save_pcd.py -> /home/arigatougozaimaster/Downloads/ros2_ws/build/your_package/build/lib/pointcloud_saver
running install
running install_lib
creating /home/arigatougozaimaster/Downloads/ros2_ws/install/your_package/lib/python3.8/site-packages/pointcloud_saver
copying /home/arigatougozaimaster/Downloads/ros2_ws/build/your_package/build/lib/pointcloud_saver/__init__.py -> /home/arigatougozaimaster/Downloads/ros2_ws/install/your_package/lib/python3.8/site-packages/pointcloud_saver
copying /home/arigatougozaimaster/Downloads/ros2_ws/build/your_package/build/lib/pointcloud_saver/save_pcd.py -> /home/arigatougozaimaster/Downloads/ros2_ws/install/your_package/lib/python3.8/site-packages/pointcloud_saver
byte-compiling /home/arigatougozaimaster/Downloads/ros2_ws/install/your_package/lib/python3.8/site-packages/pointcloud_saver/__init__.py to __init__.cpython-38.pyc
byte-compiling /home/arigatougozaimaster/Downloads/ros2_ws/install/your_package/lib/python3.8/site-packages/pointcloud_saver/save_pcd.py to save_pcd.cpython-38.pyc
running install_data
error: can't copy 'resource/pointcloud_saver': doesn't exist or not a regular file
