[0.460s] Invoking command in '/home/arigatougozaimaster/Downloads/ros2_ws/src/your_package': PYTHONPATH=/home/arigatougozaimaster/Downloads/ros2_ws/build/your_package/prefix_override:/home/arigatougozaimaster/Downloads/ros2_ws/install/your_package/lib/python3.8/site-packages:${PYTHONPATH} /usr/bin/python3 setup.py egg_info --egg-base ../../build/your_package build --build-base /home/arigatougozaimaster/Downloads/ros2_ws/build/your_package/build install --record /home/arigatougozaimaster/Downloads/ros2_ws/build/your_package/install.log --single-version-externally-managed
[0.606s] running egg_info
[0.606s] writing ../../build/your_package/pointcloud_saver.egg-info/PKG-INFO
[0.606s] writing dependency_links to ../../build/your_package/pointcloud_saver.egg-info/dependency_links.txt
[0.607s] writing entry points to ../../build/your_package/pointcloud_saver.egg-info/entry_points.txt
[0.607s] writing requirements to ../../build/your_package/pointcloud_saver.egg-info/requires.txt
[0.607s] writing top-level names to ../../build/your_package/pointcloud_saver.egg-info/top_level.txt
[0.633s] reading manifest file '../../build/your_package/pointcloud_saver.egg-info/SOURCES.txt'
[0.634s] writing manifest file '../../build/your_package/pointcloud_saver.egg-info/SOURCES.txt'
[0.634s] running build
[0.634s] running build_py
[0.634s] creating /home/arigatougozaimaster/Downloads/ros2_ws/build/your_package/build/lib/pointcloud_saver
[0.635s] copying pointcloud_saver/__init__.py -> /home/arigatougozaimaster/Downloads/ros2_ws/build/your_package/build/lib/pointcloud_saver
[0.635s] copying pointcloud_saver/save_pcd.py -> /home/arigatougozaimaster/Downloads/ros2_ws/build/your_package/build/lib/pointcloud_saver
[0.635s] running install
[0.635s] running install_lib
[0.636s] creating /home/arigatougozaimaster/Downloads/ros2_ws/install/your_package/lib/python3.8/site-packages/pointcloud_saver
[0.636s] copying /home/arigatougozaimaster/Downloads/ros2_ws/build/your_package/build/lib/pointcloud_saver/__init__.py -> /home/arigatougozaimaster/Downloads/ros2_ws/install/your_package/lib/python3.8/site-packages/pointcloud_saver
[0.636s] copying /home/arigatougozaimaster/Downloads/ros2_ws/build/your_package/build/lib/pointcloud_saver/save_pcd.py -> /home/arigatougozaimaster/Downloads/ros2_ws/install/your_package/lib/python3.8/site-packages/pointcloud_saver
[0.637s] byte-compiling /home/arigatougozaimaster/Downloads/ros2_ws/install/your_package/lib/python3.8/site-packages/pointcloud_saver/__init__.py to __init__.cpython-38.pyc
[0.638s] byte-compiling /home/arigatougozaimaster/Downloads/ros2_ws/install/your_package/lib/python3.8/site-packages/pointcloud_saver/save_pcd.py to save_pcd.cpython-38.pyc
[0.638s] running install_data
[0.639s] error: can't copy 'resource/pointcloud_saver': doesn't exist or not a regular file
[0.656s] Invoked command in '/home/arigatougozaimaster/Downloads/ros2_ws/src/your_package' returned '1': PYTHONPATH=/home/arigatougozaimaster/Downloads/ros2_ws/build/your_package/prefix_override:/home/arigatougozaimaster/Downloads/ros2_ws/install/your_package/lib/python3.8/site-packages:${PYTHONPATH} /usr/bin/python3 setup.py egg_info --egg-base ../../build/your_package build --build-base /home/arigatougozaimaster/Downloads/ros2_ws/build/your_package/build install --record /home/arigatougozaimaster/Downloads/ros2_ws/build/your_package/install.log --single-version-externally-managed
